[2024-05-09T00:06:33.983+0000] {processor.py:161} INFO - Started process (PID=182) to work on /opt/airflow/dags/dag_result.py
[2024-05-09T00:06:33.984+0000] {processor.py:830} INFO - Processing file /opt/airflow/dags/dag_result.py for tasks to queue
[2024-05-09T00:06:33.991+0000] {logging_mixin.py:188} INFO - [2024-05-09T00:06:33.988+0000] {dagbag.py:540} INFO - Filling up the DagBag from /opt/airflow/dags/dag_result.py
[2024-05-09T00:06:34.022+0000] {processor.py:840} INFO - DAG(s) 'dag_result' retrieved from /opt/airflow/dags/dag_result.py
[2024-05-09T00:06:34.207+0000] {logging_mixin.py:188} INFO - [2024-05-09T00:06:34.206+0000] {dag.py:3096} INFO - Sync 1 DAGs
[2024-05-09T00:06:34.228+0000] {logging_mixin.py:188} INFO - [2024-05-09T00:06:34.228+0000] {dag.py:3954} INFO - Setting next_dagrun for dag_result to 2024-05-08 00:00:00+00:00, run_after=2024-05-09 00:00:00+00:00
[2024-05-09T00:06:34.247+0000] {processor.py:183} INFO - Processing /opt/airflow/dags/dag_result.py took 0.269 seconds
[2024-05-09T00:07:04.391+0000] {processor.py:161} INFO - Started process (PID=220) to work on /opt/airflow/dags/dag_result.py
[2024-05-09T00:07:04.392+0000] {processor.py:830} INFO - Processing file /opt/airflow/dags/dag_result.py for tasks to queue
[2024-05-09T00:07:04.396+0000] {logging_mixin.py:188} INFO - [2024-05-09T00:07:04.396+0000] {dagbag.py:540} INFO - Filling up the DagBag from /opt/airflow/dags/dag_result.py
[2024-05-09T00:07:04.426+0000] {processor.py:840} INFO - DAG(s) 'dag_result' retrieved from /opt/airflow/dags/dag_result.py
[2024-05-09T00:07:04.457+0000] {logging_mixin.py:188} INFO - [2024-05-09T00:07:04.457+0000] {dag.py:3096} INFO - Sync 1 DAGs
[2024-05-09T00:07:04.475+0000] {logging_mixin.py:188} INFO - [2024-05-09T00:07:04.474+0000] {dag.py:3954} INFO - Setting next_dagrun for dag_result to 2024-05-09 00:00:00+00:00, run_after=2024-05-10 00:00:00+00:00
[2024-05-09T00:07:04.485+0000] {processor.py:183} INFO - Processing /opt/airflow/dags/dag_result.py took 0.107 seconds
[2024-05-09T00:07:34.830+0000] {processor.py:161} INFO - Started process (PID=231) to work on /opt/airflow/dags/dag_result.py
[2024-05-09T00:07:34.831+0000] {processor.py:830} INFO - Processing file /opt/airflow/dags/dag_result.py for tasks to queue
[2024-05-09T00:07:34.835+0000] {logging_mixin.py:188} INFO - [2024-05-09T00:07:34.834+0000] {dagbag.py:540} INFO - Filling up the DagBag from /opt/airflow/dags/dag_result.py
[2024-05-09T00:07:34.850+0000] {processor.py:840} INFO - DAG(s) 'dag_result' retrieved from /opt/airflow/dags/dag_result.py
[2024-05-09T00:07:34.879+0000] {logging_mixin.py:188} INFO - [2024-05-09T00:07:34.879+0000] {dag.py:3096} INFO - Sync 1 DAGs
[2024-05-09T00:07:34.905+0000] {logging_mixin.py:188} INFO - [2024-05-09T00:07:34.905+0000] {dag.py:3954} INFO - Setting next_dagrun for dag_result to 2024-05-09 00:00:00+00:00, run_after=2024-05-10 00:00:00+00:00
[2024-05-09T00:07:34.914+0000] {processor.py:183} INFO - Processing /opt/airflow/dags/dag_result.py took 0.093 seconds
[2024-05-09T00:08:05.177+0000] {processor.py:161} INFO - Started process (PID=242) to work on /opt/airflow/dags/dag_result.py
[2024-05-09T00:08:05.178+0000] {processor.py:830} INFO - Processing file /opt/airflow/dags/dag_result.py for tasks to queue
[2024-05-09T00:08:05.181+0000] {logging_mixin.py:188} INFO - [2024-05-09T00:08:05.181+0000] {dagbag.py:540} INFO - Filling up the DagBag from /opt/airflow/dags/dag_result.py
[2024-05-09T00:08:05.197+0000] {processor.py:840} INFO - DAG(s) 'dag_result' retrieved from /opt/airflow/dags/dag_result.py
[2024-05-09T00:08:05.228+0000] {logging_mixin.py:188} INFO - [2024-05-09T00:08:05.228+0000] {dag.py:3096} INFO - Sync 1 DAGs
[2024-05-09T00:08:05.255+0000] {logging_mixin.py:188} INFO - [2024-05-09T00:08:05.255+0000] {dag.py:3954} INFO - Setting next_dagrun for dag_result to 2024-05-09 00:00:00+00:00, run_after=2024-05-10 00:00:00+00:00
[2024-05-09T00:08:05.265+0000] {processor.py:183} INFO - Processing /opt/airflow/dags/dag_result.py took 0.099 seconds
[2024-05-09T00:08:35.591+0000] {processor.py:161} INFO - Started process (PID=252) to work on /opt/airflow/dags/dag_result.py
[2024-05-09T00:08:35.592+0000] {processor.py:830} INFO - Processing file /opt/airflow/dags/dag_result.py for tasks to queue
[2024-05-09T00:08:35.596+0000] {logging_mixin.py:188} INFO - [2024-05-09T00:08:35.595+0000] {dagbag.py:540} INFO - Filling up the DagBag from /opt/airflow/dags/dag_result.py
[2024-05-09T00:08:35.609+0000] {processor.py:840} INFO - DAG(s) 'dag_result' retrieved from /opt/airflow/dags/dag_result.py
[2024-05-09T00:08:35.634+0000] {logging_mixin.py:188} INFO - [2024-05-09T00:08:35.633+0000] {dag.py:3096} INFO - Sync 1 DAGs
[2024-05-09T00:08:35.648+0000] {logging_mixin.py:188} INFO - [2024-05-09T00:08:35.648+0000] {dag.py:3954} INFO - Setting next_dagrun for dag_result to 2024-05-09 00:00:00+00:00, run_after=2024-05-10 00:00:00+00:00
[2024-05-09T00:08:35.657+0000] {processor.py:183} INFO - Processing /opt/airflow/dags/dag_result.py took 0.075 seconds
[2024-05-09T00:09:05.885+0000] {processor.py:161} INFO - Started process (PID=263) to work on /opt/airflow/dags/dag_result.py
[2024-05-09T00:09:05.885+0000] {processor.py:830} INFO - Processing file /opt/airflow/dags/dag_result.py for tasks to queue
[2024-05-09T00:09:05.889+0000] {logging_mixin.py:188} INFO - [2024-05-09T00:09:05.888+0000] {dagbag.py:540} INFO - Filling up the DagBag from /opt/airflow/dags/dag_result.py
[2024-05-09T00:09:05.901+0000] {processor.py:840} INFO - DAG(s) 'dag_result' retrieved from /opt/airflow/dags/dag_result.py
[2024-05-09T00:09:05.931+0000] {logging_mixin.py:188} INFO - [2024-05-09T00:09:05.930+0000] {dag.py:3096} INFO - Sync 1 DAGs
[2024-05-09T00:09:05.987+0000] {logging_mixin.py:188} INFO - [2024-05-09T00:09:05.987+0000] {dag.py:3954} INFO - Setting next_dagrun for dag_result to 2024-05-09 00:00:00+00:00, run_after=2024-05-10 00:00:00+00:00
[2024-05-09T00:09:06.006+0000] {processor.py:183} INFO - Processing /opt/airflow/dags/dag_result.py took 0.128 seconds
[2024-05-09T00:09:36.450+0000] {processor.py:161} INFO - Started process (PID=274) to work on /opt/airflow/dags/dag_result.py
[2024-05-09T00:09:36.451+0000] {processor.py:830} INFO - Processing file /opt/airflow/dags/dag_result.py for tasks to queue
[2024-05-09T00:09:36.460+0000] {logging_mixin.py:188} INFO - [2024-05-09T00:09:36.459+0000] {dagbag.py:540} INFO - Filling up the DagBag from /opt/airflow/dags/dag_result.py
[2024-05-09T00:09:36.475+0000] {processor.py:840} INFO - DAG(s) 'dag_result' retrieved from /opt/airflow/dags/dag_result.py
[2024-05-09T00:09:36.506+0000] {logging_mixin.py:188} INFO - [2024-05-09T00:09:36.506+0000] {dag.py:3096} INFO - Sync 1 DAGs
[2024-05-09T00:09:36.520+0000] {logging_mixin.py:188} INFO - [2024-05-09T00:09:36.520+0000] {dag.py:3954} INFO - Setting next_dagrun for dag_result to 2024-05-09 00:00:00+00:00, run_after=2024-05-10 00:00:00+00:00
[2024-05-09T00:09:36.533+0000] {processor.py:183} INFO - Processing /opt/airflow/dags/dag_result.py took 0.098 seconds
[2024-05-09T00:10:06.811+0000] {processor.py:161} INFO - Started process (PID=285) to work on /opt/airflow/dags/dag_result.py
[2024-05-09T00:10:06.812+0000] {processor.py:830} INFO - Processing file /opt/airflow/dags/dag_result.py for tasks to queue
[2024-05-09T00:10:06.821+0000] {logging_mixin.py:188} INFO - [2024-05-09T00:10:06.817+0000] {dagbag.py:540} INFO - Filling up the DagBag from /opt/airflow/dags/dag_result.py
[2024-05-09T00:10:06.855+0000] {processor.py:840} INFO - DAG(s) 'dag_result' retrieved from /opt/airflow/dags/dag_result.py
[2024-05-09T00:10:06.883+0000] {logging_mixin.py:188} INFO - [2024-05-09T00:10:06.883+0000] {dag.py:3096} INFO - Sync 1 DAGs
[2024-05-09T00:10:06.898+0000] {logging_mixin.py:188} INFO - [2024-05-09T00:10:06.897+0000] {dag.py:3954} INFO - Setting next_dagrun for dag_result to 2024-05-09 00:00:00+00:00, run_after=2024-05-10 00:00:00+00:00
[2024-05-09T00:10:06.906+0000] {processor.py:183} INFO - Processing /opt/airflow/dags/dag_result.py took 0.105 seconds
[2024-05-09T00:10:37.214+0000] {processor.py:161} INFO - Started process (PID=296) to work on /opt/airflow/dags/dag_result.py
[2024-05-09T00:10:37.215+0000] {processor.py:830} INFO - Processing file /opt/airflow/dags/dag_result.py for tasks to queue
[2024-05-09T00:10:37.218+0000] {logging_mixin.py:188} INFO - [2024-05-09T00:10:37.217+0000] {dagbag.py:540} INFO - Filling up the DagBag from /opt/airflow/dags/dag_result.py
[2024-05-09T00:10:37.242+0000] {processor.py:840} INFO - DAG(s) 'dag_result' retrieved from /opt/airflow/dags/dag_result.py
[2024-05-09T00:10:37.301+0000] {logging_mixin.py:188} INFO - [2024-05-09T00:10:37.301+0000] {dag.py:3096} INFO - Sync 1 DAGs
[2024-05-09T00:10:37.321+0000] {logging_mixin.py:188} INFO - [2024-05-09T00:10:37.321+0000] {dag.py:3954} INFO - Setting next_dagrun for dag_result to 2024-05-09 00:00:00+00:00, run_after=2024-05-10 00:00:00+00:00
[2024-05-09T00:10:37.331+0000] {processor.py:183} INFO - Processing /opt/airflow/dags/dag_result.py took 0.142 seconds
[2024-05-09T00:11:07.692+0000] {processor.py:161} INFO - Started process (PID=307) to work on /opt/airflow/dags/dag_result.py
[2024-05-09T00:11:07.694+0000] {processor.py:830} INFO - Processing file /opt/airflow/dags/dag_result.py for tasks to queue
[2024-05-09T00:11:07.701+0000] {logging_mixin.py:188} INFO - [2024-05-09T00:11:07.700+0000] {dagbag.py:540} INFO - Filling up the DagBag from /opt/airflow/dags/dag_result.py
[2024-05-09T00:11:07.730+0000] {processor.py:840} INFO - DAG(s) 'dag_result' retrieved from /opt/airflow/dags/dag_result.py
[2024-05-09T00:11:07.774+0000] {logging_mixin.py:188} INFO - [2024-05-09T00:11:07.774+0000] {dag.py:3096} INFO - Sync 1 DAGs
[2024-05-09T00:11:07.797+0000] {logging_mixin.py:188} INFO - [2024-05-09T00:11:07.797+0000] {dag.py:3954} INFO - Setting next_dagrun for dag_result to 2024-05-09 00:00:00+00:00, run_after=2024-05-10 00:00:00+00:00
[2024-05-09T00:11:07.811+0000] {processor.py:183} INFO - Processing /opt/airflow/dags/dag_result.py took 0.140 seconds
[2024-05-09T00:11:38.128+0000] {processor.py:161} INFO - Started process (PID=317) to work on /opt/airflow/dags/dag_result.py
[2024-05-09T00:11:38.129+0000] {processor.py:830} INFO - Processing file /opt/airflow/dags/dag_result.py for tasks to queue
[2024-05-09T00:11:38.133+0000] {logging_mixin.py:188} INFO - [2024-05-09T00:11:38.132+0000] {dagbag.py:540} INFO - Filling up the DagBag from /opt/airflow/dags/dag_result.py
[2024-05-09T00:11:38.150+0000] {processor.py:840} INFO - DAG(s) 'dag_result' retrieved from /opt/airflow/dags/dag_result.py
[2024-05-09T00:11:38.185+0000] {logging_mixin.py:188} INFO - [2024-05-09T00:11:38.185+0000] {dag.py:3096} INFO - Sync 1 DAGs
[2024-05-09T00:11:38.201+0000] {logging_mixin.py:188} INFO - [2024-05-09T00:11:38.201+0000] {dag.py:3954} INFO - Setting next_dagrun for dag_result to 2024-05-09 00:00:00+00:00, run_after=2024-05-10 00:00:00+00:00
[2024-05-09T00:11:38.212+0000] {processor.py:183} INFO - Processing /opt/airflow/dags/dag_result.py took 0.093 seconds
[2024-05-09T00:32:44.135+0000] {processor.py:161} INFO - Started process (PID=329) to work on /opt/airflow/dags/dag_result.py
[2024-05-09T00:32:44.139+0000] {processor.py:830} INFO - Processing file /opt/airflow/dags/dag_result.py for tasks to queue
[2024-05-09T00:32:44.150+0000] {logging_mixin.py:188} INFO - [2024-05-09T00:32:44.147+0000] {dagbag.py:540} INFO - Filling up the DagBag from /opt/airflow/dags/dag_result.py
[2024-05-09T00:32:44.194+0000] {processor.py:840} INFO - DAG(s) 'dag_result' retrieved from /opt/airflow/dags/dag_result.py
[2024-05-09T00:32:44.284+0000] {logging_mixin.py:188} INFO - [2024-05-09T00:32:44.284+0000] {dag.py:3096} INFO - Sync 1 DAGs
[2024-05-09T00:32:44.304+0000] {logging_mixin.py:188} INFO - [2024-05-09T00:32:44.303+0000] {dag.py:3954} INFO - Setting next_dagrun for dag_result to 2024-05-09 00:00:00+00:00, run_after=2024-05-10 00:00:00+00:00
[2024-05-09T00:32:44.331+0000] {processor.py:183} INFO - Processing /opt/airflow/dags/dag_result.py took 0.224 seconds
[2024-05-09T00:33:14.762+0000] {processor.py:161} INFO - Started process (PID=341) to work on /opt/airflow/dags/dag_result.py
[2024-05-09T00:33:14.764+0000] {processor.py:830} INFO - Processing file /opt/airflow/dags/dag_result.py for tasks to queue
[2024-05-09T00:33:14.768+0000] {logging_mixin.py:188} INFO - [2024-05-09T00:33:14.768+0000] {dagbag.py:540} INFO - Filling up the DagBag from /opt/airflow/dags/dag_result.py
[2024-05-09T00:33:14.790+0000] {processor.py:840} INFO - DAG(s) 'dag_result' retrieved from /opt/airflow/dags/dag_result.py
[2024-05-09T00:33:14.830+0000] {logging_mixin.py:188} INFO - [2024-05-09T00:33:14.830+0000] {dag.py:3096} INFO - Sync 1 DAGs
[2024-05-09T00:33:14.848+0000] {logging_mixin.py:188} INFO - [2024-05-09T00:33:14.848+0000] {dag.py:3954} INFO - Setting next_dagrun for dag_result to 2024-05-09 00:00:00+00:00, run_after=2024-05-10 00:00:00+00:00
[2024-05-09T00:33:14.859+0000] {processor.py:183} INFO - Processing /opt/airflow/dags/dag_result.py took 0.112 seconds
[2024-05-09T00:33:45.131+0000] {processor.py:161} INFO - Started process (PID=351) to work on /opt/airflow/dags/dag_result.py
[2024-05-09T00:33:45.134+0000] {processor.py:830} INFO - Processing file /opt/airflow/dags/dag_result.py for tasks to queue
[2024-05-09T00:33:45.148+0000] {logging_mixin.py:188} INFO - [2024-05-09T00:33:45.147+0000] {dagbag.py:540} INFO - Filling up the DagBag from /opt/airflow/dags/dag_result.py
[2024-05-09T00:33:45.161+0000] {processor.py:840} INFO - DAG(s) 'dag_result' retrieved from /opt/airflow/dags/dag_result.py
[2024-05-09T00:33:45.184+0000] {logging_mixin.py:188} INFO - [2024-05-09T00:33:45.183+0000] {dag.py:3096} INFO - Sync 1 DAGs
[2024-05-09T00:33:45.196+0000] {logging_mixin.py:188} INFO - [2024-05-09T00:33:45.196+0000] {dag.py:3954} INFO - Setting next_dagrun for dag_result to 2024-05-09 00:00:00+00:00, run_after=2024-05-10 00:00:00+00:00
[2024-05-09T00:33:45.205+0000] {processor.py:183} INFO - Processing /opt/airflow/dags/dag_result.py took 0.093 seconds
[2024-05-09T00:34:15.964+0000] {processor.py:161} INFO - Started process (PID=361) to work on /opt/airflow/dags/dag_result.py
[2024-05-09T00:34:15.969+0000] {processor.py:830} INFO - Processing file /opt/airflow/dags/dag_result.py for tasks to queue
[2024-05-09T00:34:15.982+0000] {logging_mixin.py:188} INFO - [2024-05-09T00:34:15.981+0000] {dagbag.py:540} INFO - Filling up the DagBag from /opt/airflow/dags/dag_result.py
[2024-05-09T00:34:15.999+0000] {processor.py:840} INFO - DAG(s) 'dag_result' retrieved from /opt/airflow/dags/dag_result.py
[2024-05-09T00:34:16.062+0000] {logging_mixin.py:188} INFO - [2024-05-09T00:34:16.062+0000] {dag.py:3096} INFO - Sync 1 DAGs
[2024-05-09T00:34:16.103+0000] {logging_mixin.py:188} INFO - [2024-05-09T00:34:16.103+0000] {dag.py:3954} INFO - Setting next_dagrun for dag_result to 2024-05-09 00:00:00+00:00, run_after=2024-05-10 00:00:00+00:00
[2024-05-09T00:34:16.128+0000] {processor.py:183} INFO - Processing /opt/airflow/dags/dag_result.py took 0.173 seconds
[2024-05-09T00:34:46.303+0000] {processor.py:161} INFO - Started process (PID=372) to work on /opt/airflow/dags/dag_result.py
[2024-05-09T00:34:46.305+0000] {processor.py:830} INFO - Processing file /opt/airflow/dags/dag_result.py for tasks to queue
[2024-05-09T00:34:46.309+0000] {logging_mixin.py:188} INFO - [2024-05-09T00:34:46.308+0000] {dagbag.py:540} INFO - Filling up the DagBag from /opt/airflow/dags/dag_result.py
[2024-05-09T00:34:46.326+0000] {processor.py:840} INFO - DAG(s) 'dag_result' retrieved from /opt/airflow/dags/dag_result.py
[2024-05-09T00:34:46.372+0000] {logging_mixin.py:188} INFO - [2024-05-09T00:34:46.372+0000] {dag.py:3096} INFO - Sync 1 DAGs
[2024-05-09T00:34:46.388+0000] {logging_mixin.py:188} INFO - [2024-05-09T00:34:46.387+0000] {dag.py:3954} INFO - Setting next_dagrun for dag_result to 2024-05-09 00:00:00+00:00, run_after=2024-05-10 00:00:00+00:00
[2024-05-09T00:34:46.399+0000] {processor.py:183} INFO - Processing /opt/airflow/dags/dag_result.py took 0.107 seconds
[2024-05-09T00:35:16.748+0000] {processor.py:161} INFO - Started process (PID=383) to work on /opt/airflow/dags/dag_result.py
[2024-05-09T00:35:16.750+0000] {processor.py:830} INFO - Processing file /opt/airflow/dags/dag_result.py for tasks to queue
[2024-05-09T00:35:16.754+0000] {logging_mixin.py:188} INFO - [2024-05-09T00:35:16.753+0000] {dagbag.py:540} INFO - Filling up the DagBag from /opt/airflow/dags/dag_result.py
[2024-05-09T00:35:16.771+0000] {processor.py:840} INFO - DAG(s) 'dag_result' retrieved from /opt/airflow/dags/dag_result.py
[2024-05-09T00:35:16.794+0000] {logging_mixin.py:188} INFO - [2024-05-09T00:35:16.794+0000] {dag.py:3096} INFO - Sync 1 DAGs
[2024-05-09T00:35:16.815+0000] {logging_mixin.py:188} INFO - [2024-05-09T00:35:16.815+0000] {dag.py:3954} INFO - Setting next_dagrun for dag_result to 2024-05-09 00:00:00+00:00, run_after=2024-05-10 00:00:00+00:00
[2024-05-09T00:35:16.828+0000] {processor.py:183} INFO - Processing /opt/airflow/dags/dag_result.py took 0.091 seconds
[2024-05-09T00:35:47.124+0000] {processor.py:161} INFO - Started process (PID=394) to work on /opt/airflow/dags/dag_result.py
[2024-05-09T00:35:47.126+0000] {processor.py:830} INFO - Processing file /opt/airflow/dags/dag_result.py for tasks to queue
[2024-05-09T00:35:47.129+0000] {logging_mixin.py:188} INFO - [2024-05-09T00:35:47.129+0000] {dagbag.py:540} INFO - Filling up the DagBag from /opt/airflow/dags/dag_result.py
[2024-05-09T00:35:47.147+0000] {processor.py:840} INFO - DAG(s) 'dag_result' retrieved from /opt/airflow/dags/dag_result.py
[2024-05-09T00:35:47.174+0000] {logging_mixin.py:188} INFO - [2024-05-09T00:35:47.173+0000] {dag.py:3096} INFO - Sync 1 DAGs
[2024-05-09T00:35:47.201+0000] {logging_mixin.py:188} INFO - [2024-05-09T00:35:47.201+0000] {dag.py:3954} INFO - Setting next_dagrun for dag_result to 2024-05-09 00:00:00+00:00, run_after=2024-05-10 00:00:00+00:00
[2024-05-09T00:35:47.215+0000] {processor.py:183} INFO - Processing /opt/airflow/dags/dag_result.py took 0.103 seconds
[2024-05-09T00:36:17.767+0000] {processor.py:161} INFO - Started process (PID=404) to work on /opt/airflow/dags/dag_result.py
[2024-05-09T00:36:17.769+0000] {processor.py:830} INFO - Processing file /opt/airflow/dags/dag_result.py for tasks to queue
[2024-05-09T00:36:17.771+0000] {logging_mixin.py:188} INFO - [2024-05-09T00:36:17.771+0000] {dagbag.py:540} INFO - Filling up the DagBag from /opt/airflow/dags/dag_result.py
[2024-05-09T00:36:17.805+0000] {processor.py:840} INFO - DAG(s) 'dag_result' retrieved from /opt/airflow/dags/dag_result.py
[2024-05-09T00:36:17.870+0000] {logging_mixin.py:188} INFO - [2024-05-09T00:36:17.870+0000] {dag.py:3096} INFO - Sync 1 DAGs
[2024-05-09T00:36:17.896+0000] {logging_mixin.py:188} INFO - [2024-05-09T00:36:17.896+0000] {dag.py:3954} INFO - Setting next_dagrun for dag_result to 2024-05-09 00:00:00+00:00, run_after=2024-05-10 00:00:00+00:00
[2024-05-09T00:36:17.911+0000] {processor.py:183} INFO - Processing /opt/airflow/dags/dag_result.py took 0.165 seconds
[2024-05-09T00:38:49.080+0000] {processor.py:161} INFO - Started process (PID=182) to work on /opt/airflow/dags/dag_result.py
[2024-05-09T00:38:49.082+0000] {processor.py:830} INFO - Processing file /opt/airflow/dags/dag_result.py for tasks to queue
[2024-05-09T00:38:49.085+0000] {logging_mixin.py:188} INFO - [2024-05-09T00:38:49.084+0000] {dagbag.py:540} INFO - Filling up the DagBag from /opt/airflow/dags/dag_result.py
[2024-05-09T00:38:49.116+0000] {processor.py:840} INFO - DAG(s) 'dag_result' retrieved from /opt/airflow/dags/dag_result.py
[2024-05-09T00:38:49.291+0000] {logging_mixin.py:188} INFO - [2024-05-09T00:38:49.290+0000] {dag.py:3096} INFO - Sync 1 DAGs
[2024-05-09T00:38:49.309+0000] {logging_mixin.py:188} INFO - [2024-05-09T00:38:49.309+0000] {dag.py:3954} INFO - Setting next_dagrun for dag_result to 2024-05-09 00:00:00+00:00, run_after=2024-05-10 00:00:00+00:00
[2024-05-09T00:38:49.322+0000] {processor.py:183} INFO - Processing /opt/airflow/dags/dag_result.py took 0.252 seconds
[2024-05-09T00:39:19.508+0000] {processor.py:161} INFO - Started process (PID=193) to work on /opt/airflow/dags/dag_result.py
[2024-05-09T00:39:19.509+0000] {processor.py:830} INFO - Processing file /opt/airflow/dags/dag_result.py for tasks to queue
[2024-05-09T00:39:19.517+0000] {logging_mixin.py:188} INFO - [2024-05-09T00:39:19.514+0000] {dagbag.py:540} INFO - Filling up the DagBag from /opt/airflow/dags/dag_result.py
[2024-05-09T00:39:19.567+0000] {processor.py:840} INFO - DAG(s) 'dag_result' retrieved from /opt/airflow/dags/dag_result.py
[2024-05-09T00:39:19.602+0000] {logging_mixin.py:188} INFO - [2024-05-09T00:39:19.602+0000] {dag.py:3096} INFO - Sync 1 DAGs
[2024-05-09T00:39:19.618+0000] {logging_mixin.py:188} INFO - [2024-05-09T00:39:19.618+0000] {dag.py:3954} INFO - Setting next_dagrun for dag_result to 2024-05-09 00:00:00+00:00, run_after=2024-05-10 00:00:00+00:00
[2024-05-09T00:39:19.628+0000] {processor.py:183} INFO - Processing /opt/airflow/dags/dag_result.py took 0.134 seconds
[2024-05-09T00:39:50.025+0000] {processor.py:161} INFO - Started process (PID=204) to work on /opt/airflow/dags/dag_result.py
[2024-05-09T00:39:50.026+0000] {processor.py:830} INFO - Processing file /opt/airflow/dags/dag_result.py for tasks to queue
[2024-05-09T00:39:50.030+0000] {logging_mixin.py:188} INFO - [2024-05-09T00:39:50.029+0000] {dagbag.py:540} INFO - Filling up the DagBag from /opt/airflow/dags/dag_result.py
[2024-05-09T00:39:50.045+0000] {processor.py:840} INFO - DAG(s) 'dag_result' retrieved from /opt/airflow/dags/dag_result.py
[2024-05-09T00:39:50.103+0000] {logging_mixin.py:188} INFO - [2024-05-09T00:39:50.103+0000] {dag.py:3096} INFO - Sync 1 DAGs
[2024-05-09T00:39:50.117+0000] {logging_mixin.py:188} INFO - [2024-05-09T00:39:50.117+0000] {dag.py:3954} INFO - Setting next_dagrun for dag_result to 2024-05-09 00:00:00+00:00, run_after=2024-05-10 00:00:00+00:00
[2024-05-09T00:39:50.126+0000] {processor.py:183} INFO - Processing /opt/airflow/dags/dag_result.py took 0.109 seconds
[2024-05-09T00:40:20.487+0000] {processor.py:161} INFO - Started process (PID=215) to work on /opt/airflow/dags/dag_result.py
[2024-05-09T00:40:20.488+0000] {processor.py:830} INFO - Processing file /opt/airflow/dags/dag_result.py for tasks to queue
[2024-05-09T00:40:20.491+0000] {logging_mixin.py:188} INFO - [2024-05-09T00:40:20.490+0000] {dagbag.py:540} INFO - Filling up the DagBag from /opt/airflow/dags/dag_result.py
[2024-05-09T00:40:20.515+0000] {processor.py:840} INFO - DAG(s) 'dag_result' retrieved from /opt/airflow/dags/dag_result.py
[2024-05-09T00:40:20.570+0000] {logging_mixin.py:188} INFO - [2024-05-09T00:40:20.570+0000] {dag.py:3096} INFO - Sync 1 DAGs
[2024-05-09T00:40:20.591+0000] {logging_mixin.py:188} INFO - [2024-05-09T00:40:20.591+0000] {dag.py:3954} INFO - Setting next_dagrun for dag_result to 2024-05-09 00:00:00+00:00, run_after=2024-05-10 00:00:00+00:00
[2024-05-09T00:40:20.611+0000] {processor.py:183} INFO - Processing /opt/airflow/dags/dag_result.py took 0.148 seconds
[2024-05-09T00:40:51.064+0000] {processor.py:161} INFO - Started process (PID=225) to work on /opt/airflow/dags/dag_result.py
[2024-05-09T00:40:51.066+0000] {processor.py:830} INFO - Processing file /opt/airflow/dags/dag_result.py for tasks to queue
[2024-05-09T00:40:51.071+0000] {logging_mixin.py:188} INFO - [2024-05-09T00:40:51.070+0000] {dagbag.py:540} INFO - Filling up the DagBag from /opt/airflow/dags/dag_result.py
[2024-05-09T00:40:51.109+0000] {processor.py:840} INFO - DAG(s) 'dag_result' retrieved from /opt/airflow/dags/dag_result.py
[2024-05-09T00:40:51.191+0000] {logging_mixin.py:188} INFO - [2024-05-09T00:40:51.191+0000] {dag.py:3096} INFO - Sync 1 DAGs
[2024-05-09T00:40:51.308+0000] {logging_mixin.py:188} INFO - [2024-05-09T00:40:51.308+0000] {dag.py:3954} INFO - Setting next_dagrun for dag_result to 2024-05-09 00:00:00+00:00, run_after=2024-05-10 00:00:00+00:00
[2024-05-09T00:40:51.336+0000] {processor.py:183} INFO - Processing /opt/airflow/dags/dag_result.py took 0.308 seconds
[2024-05-09T00:41:21.474+0000] {processor.py:161} INFO - Started process (PID=236) to work on /opt/airflow/dags/dag_result.py
[2024-05-09T00:41:21.476+0000] {processor.py:830} INFO - Processing file /opt/airflow/dags/dag_result.py for tasks to queue
[2024-05-09T00:41:21.482+0000] {logging_mixin.py:188} INFO - [2024-05-09T00:41:21.481+0000] {dagbag.py:540} INFO - Filling up the DagBag from /opt/airflow/dags/dag_result.py
[2024-05-09T00:41:21.508+0000] {processor.py:840} INFO - DAG(s) 'dag_result' retrieved from /opt/airflow/dags/dag_result.py
[2024-05-09T00:41:21.559+0000] {logging_mixin.py:188} INFO - [2024-05-09T00:41:21.559+0000] {dag.py:3096} INFO - Sync 1 DAGs
[2024-05-09T00:41:21.592+0000] {logging_mixin.py:188} INFO - [2024-05-09T00:41:21.592+0000] {dag.py:3954} INFO - Setting next_dagrun for dag_result to 2024-05-09 00:00:00+00:00, run_after=2024-05-10 00:00:00+00:00
[2024-05-09T00:41:21.601+0000] {processor.py:183} INFO - Processing /opt/airflow/dags/dag_result.py took 0.142 seconds
[2024-05-09T00:41:51.979+0000] {processor.py:161} INFO - Started process (PID=247) to work on /opt/airflow/dags/dag_result.py
[2024-05-09T00:41:51.983+0000] {processor.py:830} INFO - Processing file /opt/airflow/dags/dag_result.py for tasks to queue
[2024-05-09T00:41:52.006+0000] {logging_mixin.py:188} INFO - [2024-05-09T00:41:52.005+0000] {dagbag.py:540} INFO - Filling up the DagBag from /opt/airflow/dags/dag_result.py
[2024-05-09T00:41:52.029+0000] {processor.py:840} INFO - DAG(s) 'dag_result' retrieved from /opt/airflow/dags/dag_result.py
[2024-05-09T00:41:52.067+0000] {logging_mixin.py:188} INFO - [2024-05-09T00:41:52.067+0000] {dag.py:3096} INFO - Sync 1 DAGs
[2024-05-09T00:41:52.087+0000] {logging_mixin.py:188} INFO - [2024-05-09T00:41:52.087+0000] {dag.py:3954} INFO - Setting next_dagrun for dag_result to 2024-05-09 00:00:00+00:00, run_after=2024-05-10 00:00:00+00:00
[2024-05-09T00:41:52.103+0000] {processor.py:183} INFO - Processing /opt/airflow/dags/dag_result.py took 0.153 seconds
[2024-05-09T00:42:22.319+0000] {processor.py:161} INFO - Started process (PID=258) to work on /opt/airflow/dags/dag_result.py
[2024-05-09T00:42:22.320+0000] {processor.py:830} INFO - Processing file /opt/airflow/dags/dag_result.py for tasks to queue
[2024-05-09T00:42:22.324+0000] {logging_mixin.py:188} INFO - [2024-05-09T00:42:22.323+0000] {dagbag.py:540} INFO - Filling up the DagBag from /opt/airflow/dags/dag_result.py
[2024-05-09T00:42:22.362+0000] {processor.py:840} INFO - DAG(s) 'dag_result' retrieved from /opt/airflow/dags/dag_result.py
[2024-05-09T00:42:22.399+0000] {logging_mixin.py:188} INFO - [2024-05-09T00:42:22.399+0000] {dag.py:3096} INFO - Sync 1 DAGs
[2024-05-09T00:42:22.415+0000] {logging_mixin.py:188} INFO - [2024-05-09T00:42:22.414+0000] {dag.py:3954} INFO - Setting next_dagrun for dag_result to 2024-05-09 00:00:00+00:00, run_after=2024-05-10 00:00:00+00:00
[2024-05-09T00:42:22.424+0000] {processor.py:183} INFO - Processing /opt/airflow/dags/dag_result.py took 0.116 seconds
[2024-05-09T00:42:52.638+0000] {processor.py:161} INFO - Started process (PID=269) to work on /opt/airflow/dags/dag_result.py
[2024-05-09T00:42:52.639+0000] {processor.py:830} INFO - Processing file /opt/airflow/dags/dag_result.py for tasks to queue
[2024-05-09T00:42:52.644+0000] {logging_mixin.py:188} INFO - [2024-05-09T00:42:52.643+0000] {dagbag.py:540} INFO - Filling up the DagBag from /opt/airflow/dags/dag_result.py
[2024-05-09T00:42:52.666+0000] {processor.py:840} INFO - DAG(s) 'dag_result' retrieved from /opt/airflow/dags/dag_result.py
[2024-05-09T00:42:52.691+0000] {logging_mixin.py:188} INFO - [2024-05-09T00:42:52.691+0000] {dag.py:3096} INFO - Sync 1 DAGs
[2024-05-09T00:42:52.705+0000] {logging_mixin.py:188} INFO - [2024-05-09T00:42:52.704+0000] {dag.py:3954} INFO - Setting next_dagrun for dag_result to 2024-05-09 00:00:00+00:00, run_after=2024-05-10 00:00:00+00:00
[2024-05-09T00:42:52.713+0000] {processor.py:183} INFO - Processing /opt/airflow/dags/dag_result.py took 0.091 seconds
[2024-05-09T00:43:23.130+0000] {processor.py:161} INFO - Started process (PID=280) to work on /opt/airflow/dags/dag_result.py
[2024-05-09T00:43:23.131+0000] {processor.py:830} INFO - Processing file /opt/airflow/dags/dag_result.py for tasks to queue
[2024-05-09T00:43:23.138+0000] {logging_mixin.py:188} INFO - [2024-05-09T00:43:23.137+0000] {dagbag.py:540} INFO - Filling up the DagBag from /opt/airflow/dags/dag_result.py
[2024-05-09T00:43:23.155+0000] {processor.py:840} INFO - DAG(s) 'dag_result' retrieved from /opt/airflow/dags/dag_result.py
[2024-05-09T00:43:23.218+0000] {logging_mixin.py:188} INFO - [2024-05-09T00:43:23.217+0000] {dag.py:3096} INFO - Sync 1 DAGs
[2024-05-09T00:43:23.244+0000] {logging_mixin.py:188} INFO - [2024-05-09T00:43:23.244+0000] {dag.py:3954} INFO - Setting next_dagrun for dag_result to 2024-05-09 00:00:00+00:00, run_after=2024-05-10 00:00:00+00:00
[2024-05-09T00:43:23.259+0000] {processor.py:183} INFO - Processing /opt/airflow/dags/dag_result.py took 0.153 seconds
[2024-05-09T00:43:53.581+0000] {processor.py:161} INFO - Started process (PID=291) to work on /opt/airflow/dags/dag_result.py
[2024-05-09T00:43:53.583+0000] {processor.py:830} INFO - Processing file /opt/airflow/dags/dag_result.py for tasks to queue
[2024-05-09T00:43:53.587+0000] {logging_mixin.py:188} INFO - [2024-05-09T00:43:53.587+0000] {dagbag.py:540} INFO - Filling up the DagBag from /opt/airflow/dags/dag_result.py
[2024-05-09T00:43:53.639+0000] {processor.py:840} INFO - DAG(s) 'dag_result' retrieved from /opt/airflow/dags/dag_result.py
[2024-05-09T00:43:53.694+0000] {logging_mixin.py:188} INFO - [2024-05-09T00:43:53.694+0000] {dag.py:3096} INFO - Sync 1 DAGs
[2024-05-09T00:43:53.727+0000] {logging_mixin.py:188} INFO - [2024-05-09T00:43:53.727+0000] {dag.py:3954} INFO - Setting next_dagrun for dag_result to 2024-05-09 00:00:00+00:00, run_after=2024-05-10 00:00:00+00:00
[2024-05-09T00:43:53.739+0000] {processor.py:183} INFO - Processing /opt/airflow/dags/dag_result.py took 0.171 seconds
[2024-05-09T00:44:24.037+0000] {processor.py:161} INFO - Started process (PID=302) to work on /opt/airflow/dags/dag_result.py
[2024-05-09T00:44:24.038+0000] {processor.py:830} INFO - Processing file /opt/airflow/dags/dag_result.py for tasks to queue
[2024-05-09T00:44:24.043+0000] {logging_mixin.py:188} INFO - [2024-05-09T00:44:24.042+0000] {dagbag.py:540} INFO - Filling up the DagBag from /opt/airflow/dags/dag_result.py
[2024-05-09T00:44:24.060+0000] {processor.py:840} INFO - DAG(s) 'dag_result' retrieved from /opt/airflow/dags/dag_result.py
[2024-05-09T00:44:24.110+0000] {logging_mixin.py:188} INFO - [2024-05-09T00:44:24.110+0000] {dag.py:3096} INFO - Sync 1 DAGs
[2024-05-09T00:44:24.127+0000] {logging_mixin.py:188} INFO - [2024-05-09T00:44:24.127+0000] {dag.py:3954} INFO - Setting next_dagrun for dag_result to 2024-05-09 00:00:00+00:00, run_after=2024-05-10 00:00:00+00:00
[2024-05-09T00:44:24.136+0000] {processor.py:183} INFO - Processing /opt/airflow/dags/dag_result.py took 0.113 seconds
[2024-05-09T00:44:54.599+0000] {processor.py:161} INFO - Started process (PID=313) to work on /opt/airflow/dags/dag_result.py
[2024-05-09T00:44:54.600+0000] {processor.py:830} INFO - Processing file /opt/airflow/dags/dag_result.py for tasks to queue
[2024-05-09T00:44:54.604+0000] {logging_mixin.py:188} INFO - [2024-05-09T00:44:54.604+0000] {dagbag.py:540} INFO - Filling up the DagBag from /opt/airflow/dags/dag_result.py
[2024-05-09T00:44:54.625+0000] {processor.py:840} INFO - DAG(s) 'dag_result' retrieved from /opt/airflow/dags/dag_result.py
[2024-05-09T00:44:54.670+0000] {logging_mixin.py:188} INFO - [2024-05-09T00:44:54.670+0000] {dag.py:3096} INFO - Sync 1 DAGs
[2024-05-09T00:44:54.705+0000] {logging_mixin.py:188} INFO - [2024-05-09T00:44:54.705+0000] {dag.py:3954} INFO - Setting next_dagrun for dag_result to 2024-05-09 00:00:00+00:00, run_after=2024-05-10 00:00:00+00:00
[2024-05-09T00:44:54.719+0000] {processor.py:183} INFO - Processing /opt/airflow/dags/dag_result.py took 0.130 seconds
[2024-05-09T00:45:24.960+0000] {processor.py:161} INFO - Started process (PID=324) to work on /opt/airflow/dags/dag_result.py
[2024-05-09T00:45:24.962+0000] {processor.py:830} INFO - Processing file /opt/airflow/dags/dag_result.py for tasks to queue
[2024-05-09T00:45:24.966+0000] {logging_mixin.py:188} INFO - [2024-05-09T00:45:24.965+0000] {dagbag.py:540} INFO - Filling up the DagBag from /opt/airflow/dags/dag_result.py
[2024-05-09T00:45:24.979+0000] {processor.py:840} INFO - DAG(s) 'dag_result' retrieved from /opt/airflow/dags/dag_result.py
[2024-05-09T00:45:25.030+0000] {logging_mixin.py:188} INFO - [2024-05-09T00:45:25.029+0000] {dag.py:3096} INFO - Sync 1 DAGs
[2024-05-09T00:45:25.059+0000] {logging_mixin.py:188} INFO - [2024-05-09T00:45:25.058+0000] {dag.py:3954} INFO - Setting next_dagrun for dag_result to 2024-05-09 00:00:00+00:00, run_after=2024-05-10 00:00:00+00:00
[2024-05-09T00:45:25.090+0000] {processor.py:183} INFO - Processing /opt/airflow/dags/dag_result.py took 0.138 seconds
[2024-05-09T00:45:55.353+0000] {processor.py:161} INFO - Started process (PID=335) to work on /opt/airflow/dags/dag_result.py
[2024-05-09T00:45:55.354+0000] {processor.py:830} INFO - Processing file /opt/airflow/dags/dag_result.py for tasks to queue
[2024-05-09T00:45:55.359+0000] {logging_mixin.py:188} INFO - [2024-05-09T00:45:55.359+0000] {dagbag.py:540} INFO - Filling up the DagBag from /opt/airflow/dags/dag_result.py
[2024-05-09T00:45:55.394+0000] {processor.py:840} INFO - DAG(s) 'dag_result' retrieved from /opt/airflow/dags/dag_result.py
[2024-05-09T00:45:55.599+0000] {logging_mixin.py:188} INFO - [2024-05-09T00:45:55.599+0000] {dag.py:3096} INFO - Sync 1 DAGs
[2024-05-09T00:45:55.612+0000] {logging_mixin.py:188} INFO - [2024-05-09T00:45:55.612+0000] {dag.py:3954} INFO - Setting next_dagrun for dag_result to 2024-05-09 00:00:00+00:00, run_after=2024-05-10 00:00:00+00:00
[2024-05-09T00:45:55.626+0000] {processor.py:183} INFO - Processing /opt/airflow/dags/dag_result.py took 0.281 seconds
[2024-05-09T00:46:25.794+0000] {processor.py:161} INFO - Started process (PID=346) to work on /opt/airflow/dags/dag_result.py
[2024-05-09T00:46:25.795+0000] {processor.py:830} INFO - Processing file /opt/airflow/dags/dag_result.py for tasks to queue
[2024-05-09T00:46:25.810+0000] {logging_mixin.py:188} INFO - [2024-05-09T00:46:25.808+0000] {dagbag.py:540} INFO - Filling up the DagBag from /opt/airflow/dags/dag_result.py
[2024-05-09T00:46:25.829+0000] {processor.py:840} INFO - DAG(s) 'dag_result' retrieved from /opt/airflow/dags/dag_result.py
[2024-05-09T00:46:25.865+0000] {logging_mixin.py:188} INFO - [2024-05-09T00:46:25.865+0000] {dag.py:3096} INFO - Sync 1 DAGs
[2024-05-09T00:46:25.886+0000] {logging_mixin.py:188} INFO - [2024-05-09T00:46:25.886+0000] {dag.py:3954} INFO - Setting next_dagrun for dag_result to 2024-05-09 00:00:00+00:00, run_after=2024-05-10 00:00:00+00:00
[2024-05-09T00:46:25.897+0000] {processor.py:183} INFO - Processing /opt/airflow/dags/dag_result.py took 0.114 seconds
[2024-05-09T00:46:56.385+0000] {processor.py:161} INFO - Started process (PID=357) to work on /opt/airflow/dags/dag_result.py
[2024-05-09T00:46:56.386+0000] {processor.py:830} INFO - Processing file /opt/airflow/dags/dag_result.py for tasks to queue
[2024-05-09T00:46:56.389+0000] {logging_mixin.py:188} INFO - [2024-05-09T00:46:56.389+0000] {dagbag.py:540} INFO - Filling up the DagBag from /opt/airflow/dags/dag_result.py
[2024-05-09T00:46:56.447+0000] {processor.py:840} INFO - DAG(s) 'dag_result' retrieved from /opt/airflow/dags/dag_result.py
[2024-05-09T00:46:56.499+0000] {logging_mixin.py:188} INFO - [2024-05-09T00:46:56.498+0000] {dag.py:3096} INFO - Sync 1 DAGs
[2024-05-09T00:46:56.524+0000] {logging_mixin.py:188} INFO - [2024-05-09T00:46:56.524+0000] {dag.py:3954} INFO - Setting next_dagrun for dag_result to 2024-05-09 00:00:00+00:00, run_after=2024-05-10 00:00:00+00:00
[2024-05-09T00:46:56.549+0000] {processor.py:183} INFO - Processing /opt/airflow/dags/dag_result.py took 0.173 seconds
[2024-05-09T00:47:26.848+0000] {processor.py:161} INFO - Started process (PID=368) to work on /opt/airflow/dags/dag_result.py
[2024-05-09T00:47:26.849+0000] {processor.py:830} INFO - Processing file /opt/airflow/dags/dag_result.py for tasks to queue
[2024-05-09T00:47:26.858+0000] {logging_mixin.py:188} INFO - [2024-05-09T00:47:26.856+0000] {dagbag.py:540} INFO - Filling up the DagBag from /opt/airflow/dags/dag_result.py
[2024-05-09T00:47:26.889+0000] {processor.py:840} INFO - DAG(s) 'dag_result' retrieved from /opt/airflow/dags/dag_result.py
[2024-05-09T00:47:26.942+0000] {logging_mixin.py:188} INFO - [2024-05-09T00:47:26.941+0000] {dag.py:3096} INFO - Sync 1 DAGs
[2024-05-09T00:47:26.964+0000] {logging_mixin.py:188} INFO - [2024-05-09T00:47:26.964+0000] {dag.py:3954} INFO - Setting next_dagrun for dag_result to 2024-05-09 00:00:00+00:00, run_after=2024-05-10 00:00:00+00:00
[2024-05-09T00:47:26.978+0000] {processor.py:183} INFO - Processing /opt/airflow/dags/dag_result.py took 0.148 seconds
[2024-05-09T00:47:57.403+0000] {processor.py:161} INFO - Started process (PID=379) to work on /opt/airflow/dags/dag_result.py
[2024-05-09T00:47:57.405+0000] {processor.py:830} INFO - Processing file /opt/airflow/dags/dag_result.py for tasks to queue
[2024-05-09T00:47:57.414+0000] {logging_mixin.py:188} INFO - [2024-05-09T00:47:57.413+0000] {dagbag.py:540} INFO - Filling up the DagBag from /opt/airflow/dags/dag_result.py
[2024-05-09T00:47:57.466+0000] {processor.py:840} INFO - DAG(s) 'dag_result' retrieved from /opt/airflow/dags/dag_result.py
[2024-05-09T00:47:57.518+0000] {logging_mixin.py:188} INFO - [2024-05-09T00:47:57.518+0000] {dag.py:3096} INFO - Sync 1 DAGs
[2024-05-09T00:47:57.554+0000] {logging_mixin.py:188} INFO - [2024-05-09T00:47:57.554+0000] {dag.py:3954} INFO - Setting next_dagrun for dag_result to 2024-05-09 00:00:00+00:00, run_after=2024-05-10 00:00:00+00:00
[2024-05-09T00:47:57.580+0000] {processor.py:183} INFO - Processing /opt/airflow/dags/dag_result.py took 0.208 seconds
[2024-05-09T00:48:28.238+0000] {processor.py:161} INFO - Started process (PID=395) to work on /opt/airflow/dags/dag_result.py
[2024-05-09T00:48:28.239+0000] {processor.py:830} INFO - Processing file /opt/airflow/dags/dag_result.py for tasks to queue
[2024-05-09T00:48:28.253+0000] {logging_mixin.py:188} INFO - [2024-05-09T00:48:28.251+0000] {dagbag.py:540} INFO - Filling up the DagBag from /opt/airflow/dags/dag_result.py
[2024-05-09T00:48:28.284+0000] {processor.py:840} INFO - DAG(s) 'dag_result' retrieved from /opt/airflow/dags/dag_result.py
[2024-05-09T00:48:28.320+0000] {logging_mixin.py:188} INFO - [2024-05-09T00:48:28.320+0000] {dag.py:3096} INFO - Sync 1 DAGs
[2024-05-09T00:48:28.338+0000] {logging_mixin.py:188} INFO - [2024-05-09T00:48:28.338+0000] {dag.py:3954} INFO - Setting next_dagrun for dag_result to 2024-05-09 00:00:00+00:00, run_after=2024-05-10 00:00:00+00:00
[2024-05-09T00:48:28.350+0000] {processor.py:183} INFO - Processing /opt/airflow/dags/dag_result.py took 0.123 seconds
[2024-05-09T00:48:58.726+0000] {processor.py:161} INFO - Started process (PID=405) to work on /opt/airflow/dags/dag_result.py
[2024-05-09T00:48:58.727+0000] {processor.py:830} INFO - Processing file /opt/airflow/dags/dag_result.py for tasks to queue
[2024-05-09T00:48:58.729+0000] {logging_mixin.py:188} INFO - [2024-05-09T00:48:58.729+0000] {dagbag.py:540} INFO - Filling up the DagBag from /opt/airflow/dags/dag_result.py
[2024-05-09T00:48:58.745+0000] {processor.py:840} INFO - DAG(s) 'dag_result' retrieved from /opt/airflow/dags/dag_result.py
[2024-05-09T00:48:58.771+0000] {logging_mixin.py:188} INFO - [2024-05-09T00:48:58.771+0000] {dag.py:3096} INFO - Sync 1 DAGs
[2024-05-09T00:48:58.786+0000] {logging_mixin.py:188} INFO - [2024-05-09T00:48:58.786+0000] {dag.py:3954} INFO - Setting next_dagrun for dag_result to 2024-05-09 00:00:00+00:00, run_after=2024-05-10 00:00:00+00:00
[2024-05-09T00:48:58.794+0000] {processor.py:183} INFO - Processing /opt/airflow/dags/dag_result.py took 0.076 seconds
[2024-05-09T00:49:29.340+0000] {processor.py:161} INFO - Started process (PID=416) to work on /opt/airflow/dags/dag_result.py
[2024-05-09T00:49:29.341+0000] {processor.py:830} INFO - Processing file /opt/airflow/dags/dag_result.py for tasks to queue
[2024-05-09T00:49:29.344+0000] {logging_mixin.py:188} INFO - [2024-05-09T00:49:29.343+0000] {dagbag.py:540} INFO - Filling up the DagBag from /opt/airflow/dags/dag_result.py
[2024-05-09T00:49:29.359+0000] {processor.py:840} INFO - DAG(s) 'dag_result' retrieved from /opt/airflow/dags/dag_result.py
[2024-05-09T00:49:29.387+0000] {logging_mixin.py:188} INFO - [2024-05-09T00:49:29.387+0000] {dag.py:3096} INFO - Sync 1 DAGs
[2024-05-09T00:49:29.405+0000] {logging_mixin.py:188} INFO - [2024-05-09T00:49:29.405+0000] {dag.py:3954} INFO - Setting next_dagrun for dag_result to 2024-05-09 00:00:00+00:00, run_after=2024-05-10 00:00:00+00:00
[2024-05-09T00:49:29.417+0000] {processor.py:183} INFO - Processing /opt/airflow/dags/dag_result.py took 0.091 seconds
[2024-05-09T00:49:59.856+0000] {processor.py:161} INFO - Started process (PID=426) to work on /opt/airflow/dags/dag_result.py
[2024-05-09T00:49:59.858+0000] {processor.py:830} INFO - Processing file /opt/airflow/dags/dag_result.py for tasks to queue
[2024-05-09T00:49:59.864+0000] {logging_mixin.py:188} INFO - [2024-05-09T00:49:59.863+0000] {dagbag.py:540} INFO - Filling up the DagBag from /opt/airflow/dags/dag_result.py
[2024-05-09T00:49:59.881+0000] {processor.py:840} INFO - DAG(s) 'dag_result' retrieved from /opt/airflow/dags/dag_result.py
[2024-05-09T00:49:59.914+0000] {logging_mixin.py:188} INFO - [2024-05-09T00:49:59.913+0000] {dag.py:3096} INFO - Sync 1 DAGs
[2024-05-09T00:49:59.942+0000] {logging_mixin.py:188} INFO - [2024-05-09T00:49:59.942+0000] {dag.py:3954} INFO - Setting next_dagrun for dag_result to 2024-05-09 00:00:00+00:00, run_after=2024-05-10 00:00:00+00:00
[2024-05-09T00:49:59.954+0000] {processor.py:183} INFO - Processing /opt/airflow/dags/dag_result.py took 0.117 seconds
[2024-05-09T00:50:30.363+0000] {processor.py:161} INFO - Started process (PID=438) to work on /opt/airflow/dags/dag_result.py
[2024-05-09T00:50:30.364+0000] {processor.py:830} INFO - Processing file /opt/airflow/dags/dag_result.py for tasks to queue
[2024-05-09T00:50:30.367+0000] {logging_mixin.py:188} INFO - [2024-05-09T00:50:30.367+0000] {dagbag.py:540} INFO - Filling up the DagBag from /opt/airflow/dags/dag_result.py
[2024-05-09T00:50:30.385+0000] {processor.py:840} INFO - DAG(s) 'dag_result' retrieved from /opt/airflow/dags/dag_result.py
[2024-05-09T00:50:30.414+0000] {logging_mixin.py:188} INFO - [2024-05-09T00:50:30.414+0000] {dag.py:3096} INFO - Sync 1 DAGs
[2024-05-09T00:50:30.430+0000] {logging_mixin.py:188} INFO - [2024-05-09T00:50:30.430+0000] {dag.py:3954} INFO - Setting next_dagrun for dag_result to 2024-05-09 00:00:00+00:00, run_after=2024-05-10 00:00:00+00:00
[2024-05-09T00:50:30.439+0000] {processor.py:183} INFO - Processing /opt/airflow/dags/dag_result.py took 0.095 seconds
[2024-05-09T00:51:00.737+0000] {processor.py:161} INFO - Started process (PID=448) to work on /opt/airflow/dags/dag_result.py
[2024-05-09T00:51:00.738+0000] {processor.py:830} INFO - Processing file /opt/airflow/dags/dag_result.py for tasks to queue
[2024-05-09T00:51:00.741+0000] {logging_mixin.py:188} INFO - [2024-05-09T00:51:00.740+0000] {dagbag.py:540} INFO - Filling up the DagBag from /opt/airflow/dags/dag_result.py
[2024-05-09T00:51:00.756+0000] {processor.py:840} INFO - DAG(s) 'dag_result' retrieved from /opt/airflow/dags/dag_result.py
[2024-05-09T00:51:00.793+0000] {logging_mixin.py:188} INFO - [2024-05-09T00:51:00.793+0000] {dag.py:3096} INFO - Sync 1 DAGs
[2024-05-09T00:51:00.812+0000] {logging_mixin.py:188} INFO - [2024-05-09T00:51:00.811+0000] {dag.py:3954} INFO - Setting next_dagrun for dag_result to 2024-05-09 00:00:00+00:00, run_after=2024-05-10 00:00:00+00:00
[2024-05-09T00:51:00.823+0000] {processor.py:183} INFO - Processing /opt/airflow/dags/dag_result.py took 0.094 seconds
[2024-05-09T00:51:31.096+0000] {processor.py:161} INFO - Started process (PID=459) to work on /opt/airflow/dags/dag_result.py
[2024-05-09T00:51:31.098+0000] {processor.py:830} INFO - Processing file /opt/airflow/dags/dag_result.py for tasks to queue
[2024-05-09T00:51:31.101+0000] {logging_mixin.py:188} INFO - [2024-05-09T00:51:31.100+0000] {dagbag.py:540} INFO - Filling up the DagBag from /opt/airflow/dags/dag_result.py
[2024-05-09T00:51:31.133+0000] {processor.py:840} INFO - DAG(s) 'dag_result' retrieved from /opt/airflow/dags/dag_result.py
[2024-05-09T00:51:31.168+0000] {logging_mixin.py:188} INFO - [2024-05-09T00:51:31.168+0000] {dag.py:3096} INFO - Sync 1 DAGs
[2024-05-09T00:51:31.217+0000] {logging_mixin.py:188} INFO - [2024-05-09T00:51:31.216+0000] {dag.py:3954} INFO - Setting next_dagrun for dag_result to 2024-05-09 00:00:00+00:00, run_after=2024-05-10 00:00:00+00:00
[2024-05-09T00:51:31.229+0000] {processor.py:183} INFO - Processing /opt/airflow/dags/dag_result.py took 0.144 seconds
[2024-05-09T00:52:02.035+0000] {processor.py:161} INFO - Started process (PID=470) to work on /opt/airflow/dags/dag_result.py
[2024-05-09T00:52:02.037+0000] {processor.py:830} INFO - Processing file /opt/airflow/dags/dag_result.py for tasks to queue
[2024-05-09T00:52:02.041+0000] {logging_mixin.py:188} INFO - [2024-05-09T00:52:02.040+0000] {dagbag.py:540} INFO - Filling up the DagBag from /opt/airflow/dags/dag_result.py
[2024-05-09T00:52:02.066+0000] {processor.py:840} INFO - DAG(s) 'dag_result' retrieved from /opt/airflow/dags/dag_result.py
[2024-05-09T00:52:02.153+0000] {logging_mixin.py:188} INFO - [2024-05-09T00:52:02.152+0000] {dag.py:3096} INFO - Sync 1 DAGs
[2024-05-09T00:52:02.185+0000] {logging_mixin.py:188} INFO - [2024-05-09T00:52:02.185+0000] {dag.py:3954} INFO - Setting next_dagrun for dag_result to 2024-05-09 00:00:00+00:00, run_after=2024-05-10 00:00:00+00:00
[2024-05-09T00:52:02.199+0000] {processor.py:183} INFO - Processing /opt/airflow/dags/dag_result.py took 0.211 seconds
[2024-05-09T00:52:32.403+0000] {processor.py:161} INFO - Started process (PID=480) to work on /opt/airflow/dags/dag_result.py
[2024-05-09T00:52:32.405+0000] {processor.py:830} INFO - Processing file /opt/airflow/dags/dag_result.py for tasks to queue
[2024-05-09T00:52:32.422+0000] {logging_mixin.py:188} INFO - [2024-05-09T00:52:32.420+0000] {dagbag.py:540} INFO - Filling up the DagBag from /opt/airflow/dags/dag_result.py
[2024-05-09T00:52:32.455+0000] {processor.py:840} INFO - DAG(s) 'dag_result' retrieved from /opt/airflow/dags/dag_result.py
[2024-05-09T00:52:32.489+0000] {logging_mixin.py:188} INFO - [2024-05-09T00:52:32.489+0000] {dag.py:3096} INFO - Sync 1 DAGs
[2024-05-09T00:52:32.514+0000] {logging_mixin.py:188} INFO - [2024-05-09T00:52:32.514+0000] {dag.py:3954} INFO - Setting next_dagrun for dag_result to 2024-05-09 00:00:00+00:00, run_after=2024-05-10 00:00:00+00:00
[2024-05-09T00:52:32.527+0000] {processor.py:183} INFO - Processing /opt/airflow/dags/dag_result.py took 0.136 seconds
[2024-05-09T00:53:02.825+0000] {processor.py:161} INFO - Started process (PID=491) to work on /opt/airflow/dags/dag_result.py
[2024-05-09T00:53:02.827+0000] {processor.py:830} INFO - Processing file /opt/airflow/dags/dag_result.py for tasks to queue
[2024-05-09T00:53:02.830+0000] {logging_mixin.py:188} INFO - [2024-05-09T00:53:02.830+0000] {dagbag.py:540} INFO - Filling up the DagBag from /opt/airflow/dags/dag_result.py
[2024-05-09T00:53:02.849+0000] {processor.py:840} INFO - DAG(s) 'dag_result' retrieved from /opt/airflow/dags/dag_result.py
[2024-05-09T00:53:02.873+0000] {logging_mixin.py:188} INFO - [2024-05-09T00:53:02.873+0000] {dag.py:3096} INFO - Sync 1 DAGs
[2024-05-09T00:53:02.891+0000] {logging_mixin.py:188} INFO - [2024-05-09T00:53:02.891+0000] {dag.py:3954} INFO - Setting next_dagrun for dag_result to 2024-05-09 00:00:00+00:00, run_after=2024-05-10 00:00:00+00:00
[2024-05-09T00:53:02.912+0000] {processor.py:183} INFO - Processing /opt/airflow/dags/dag_result.py took 0.099 seconds
[2024-05-09T00:53:33.425+0000] {processor.py:161} INFO - Started process (PID=502) to work on /opt/airflow/dags/dag_result.py
[2024-05-09T00:53:33.431+0000] {processor.py:830} INFO - Processing file /opt/airflow/dags/dag_result.py for tasks to queue
[2024-05-09T00:53:33.445+0000] {logging_mixin.py:188} INFO - [2024-05-09T00:53:33.444+0000] {dagbag.py:540} INFO - Filling up the DagBag from /opt/airflow/dags/dag_result.py
[2024-05-09T00:53:33.465+0000] {processor.py:840} INFO - DAG(s) 'dag_result' retrieved from /opt/airflow/dags/dag_result.py
[2024-05-09T00:53:33.495+0000] {logging_mixin.py:188} INFO - [2024-05-09T00:53:33.495+0000] {dag.py:3096} INFO - Sync 1 DAGs
[2024-05-09T00:53:33.519+0000] {logging_mixin.py:188} INFO - [2024-05-09T00:53:33.519+0000] {dag.py:3954} INFO - Setting next_dagrun for dag_result to 2024-05-09 00:00:00+00:00, run_after=2024-05-10 00:00:00+00:00
[2024-05-09T00:53:33.544+0000] {processor.py:183} INFO - Processing /opt/airflow/dags/dag_result.py took 0.130 seconds
[2024-05-09T00:54:03.895+0000] {processor.py:161} INFO - Started process (PID=512) to work on /opt/airflow/dags/dag_result.py
[2024-05-09T00:54:03.896+0000] {processor.py:830} INFO - Processing file /opt/airflow/dags/dag_result.py for tasks to queue
[2024-05-09T00:54:03.900+0000] {logging_mixin.py:188} INFO - [2024-05-09T00:54:03.900+0000] {dagbag.py:540} INFO - Filling up the DagBag from /opt/airflow/dags/dag_result.py
[2024-05-09T00:54:03.916+0000] {processor.py:840} INFO - DAG(s) 'dag_result' retrieved from /opt/airflow/dags/dag_result.py
[2024-05-09T00:54:03.944+0000] {logging_mixin.py:188} INFO - [2024-05-09T00:54:03.944+0000] {dag.py:3096} INFO - Sync 1 DAGs
[2024-05-09T00:54:03.972+0000] {logging_mixin.py:188} INFO - [2024-05-09T00:54:03.972+0000] {dag.py:3954} INFO - Setting next_dagrun for dag_result to 2024-05-09 00:00:00+00:00, run_after=2024-05-10 00:00:00+00:00
[2024-05-09T00:54:03.982+0000] {processor.py:183} INFO - Processing /opt/airflow/dags/dag_result.py took 0.099 seconds
[2024-05-09T00:54:34.307+0000] {processor.py:161} INFO - Started process (PID=522) to work on /opt/airflow/dags/dag_result.py
[2024-05-09T00:54:34.308+0000] {processor.py:830} INFO - Processing file /opt/airflow/dags/dag_result.py for tasks to queue
[2024-05-09T00:54:34.311+0000] {logging_mixin.py:188} INFO - [2024-05-09T00:54:34.311+0000] {dagbag.py:540} INFO - Filling up the DagBag from /opt/airflow/dags/dag_result.py
[2024-05-09T00:54:34.326+0000] {processor.py:840} INFO - DAG(s) 'dag_result' retrieved from /opt/airflow/dags/dag_result.py
[2024-05-09T00:54:34.372+0000] {logging_mixin.py:188} INFO - [2024-05-09T00:54:34.372+0000] {dag.py:3096} INFO - Sync 1 DAGs
[2024-05-09T00:54:34.393+0000] {logging_mixin.py:188} INFO - [2024-05-09T00:54:34.393+0000] {dag.py:3954} INFO - Setting next_dagrun for dag_result to 2024-05-09 00:00:00+00:00, run_after=2024-05-10 00:00:00+00:00
[2024-05-09T00:54:34.403+0000] {processor.py:183} INFO - Processing /opt/airflow/dags/dag_result.py took 0.106 seconds
[2024-05-09T00:55:04.601+0000] {processor.py:161} INFO - Started process (PID=533) to work on /opt/airflow/dags/dag_result.py
[2024-05-09T00:55:04.602+0000] {processor.py:830} INFO - Processing file /opt/airflow/dags/dag_result.py for tasks to queue
[2024-05-09T00:55:04.606+0000] {logging_mixin.py:188} INFO - [2024-05-09T00:55:04.605+0000] {dagbag.py:540} INFO - Filling up the DagBag from /opt/airflow/dags/dag_result.py
[2024-05-09T00:55:04.619+0000] {processor.py:840} INFO - DAG(s) 'dag_result' retrieved from /opt/airflow/dags/dag_result.py
[2024-05-09T00:55:04.639+0000] {logging_mixin.py:188} INFO - [2024-05-09T00:55:04.638+0000] {dag.py:3096} INFO - Sync 1 DAGs
[2024-05-09T00:55:04.650+0000] {logging_mixin.py:188} INFO - [2024-05-09T00:55:04.650+0000] {dag.py:3954} INFO - Setting next_dagrun for dag_result to 2024-05-09 00:00:00+00:00, run_after=2024-05-10 00:00:00+00:00
[2024-05-09T00:55:04.658+0000] {processor.py:183} INFO - Processing /opt/airflow/dags/dag_result.py took 0.067 seconds
